<?xml version="1.0" encoding="UTF-8"?>
<testng-results skipped="0" failed="1" ignored="3" total="4" passed="0">
  <reporter-output>
  </reporter-output>
  <suite name="Default suite" duration-ms="29" started-at="2018-09-06T09:23:45Z" finished-at="2018-09-06T09:23:45Z">
    <groups>
    </groups>
    <test name="Default test" duration-ms="29" started-at="2018-09-06T09:23:45Z" finished-at="2018-09-06T09:23:45Z">
      <class name="com.example.restTesto.Test1">
        <test-method status="PASS" signature="setUp()[pri:0, instance:com.example.restTesto.Test1@55d56113]" name="setUp" is-config="true" duration-ms="8" started-at="2018-09-06T09:23:45Z" finished-at="2018-09-06T09:23:45Z">
          <reporter-output>
          </reporter-output>
        </test-method> <!-- setUp -->
        <test-method status="FAIL" signature="verifyAddCountry(java.lang.String, java.lang.String, int)[pri:0, instance:com.example.restTesto.Test1@55d56113]" name="verifyAddCountry" duration-ms="6" started-at="2018-09-06T09:23:45Z" data-provider="addcountry" finished-at="2018-09-06T09:23:45Z">
          <exception class="org.testng.internal.reflect.MethodMatcherException">
            <message>
              <![CDATA[
Data provider mismatch
Method: verifyAddCountry([Parameter{index=0, type=java.lang.String, declaredAnnotations=[]}, Parameter{index=1, type=java.lang.String, declaredAnnotations=[]}, Parameter{index=2, type=int, declaredAnnotations=[]}])
Arguments: [(java.lang.String) {"id":5,"countryName":"UK","population":01201},(java.lang.String) 01201,(java.lang.String) UK]]]>
            </message>
            <full-stacktrace>
              <![CDATA[org.testng.internal.reflect.MethodMatcherException: 
Data provider mismatch
Method: verifyAddCountry([Parameter{index=0, type=java.lang.String, declaredAnnotations=[]}, Parameter{index=1, type=java.lang.String, declaredAnnotations=[]}, Parameter{index=2, type=int, declaredAnnotations=[]}])
Arguments: [(java.lang.String) {"id":5,"countryName":"UK","population":01201},(java.lang.String) 01201,(java.lang.String) UK]
at org.testng.internal.reflect.DataProviderMethodMatcher.getConformingArguments(DataProviderMethodMatcher.java:45)
at org.testng.internal.Parameters.injectParameters(Parameters.java:796)
at org.testng.internal.Invoker.invokeTestMethods(Invoker.java:983)
at org.testng.internal.TestMethodWorker.invokeTestMethods(TestMethodWorker.java:125)
at org.testng.internal.TestMethodWorker.run(TestMethodWorker.java:109)
at org.testng.TestRunner.privateRun(TestRunner.java:648)
at org.testng.TestRunner.run(TestRunner.java:505)
at org.testng.SuiteRunner.runTest(SuiteRunner.java:455)
at org.testng.SuiteRunner.runSequentially(SuiteRunner.java:450)
at org.testng.SuiteRunner.privateRun(SuiteRunner.java:415)
at org.testng.SuiteRunner.run(SuiteRunner.java:364)
at org.testng.SuiteRunnerWorker.runSuite(SuiteRunnerWorker.java:52)
at org.testng.SuiteRunnerWorker.run(SuiteRunnerWorker.java:84)
at org.testng.TestNG.runSuitesSequentially(TestNG.java:1208)
at org.testng.TestNG.runSuitesLocally(TestNG.java:1137)
at org.testng.TestNG.runSuites(TestNG.java:1049)
at org.testng.TestNG.run(TestNG.java:1017)
at org.testng.remote.AbstractRemoteTestNG.run(AbstractRemoteTestNG.java:114)
at org.testng.remote.RemoteTestNG.initAndRun(RemoteTestNG.java:251)
at org.testng.remote.RemoteTestNG.main(RemoteTestNG.java:77)
]]>
            </full-stacktrace>
          </exception> <!-- org.testng.internal.reflect.MethodMatcherException -->
          <reporter-output>
          </reporter-output>
        </test-method> <!-- verifyAddCountry -->
      </class> <!-- com.example.restTesto.Test1 -->
    </test> <!-- Default test -->
  </suite> <!-- Default suite -->
</testng-results>
